<?xml version="1.0" encoding="UTF-8"?>
<robot generator="Robot 6.1 (Python 3.11.2 on win32)" generated="20230727 14:55:42.270" rpa="false" schemaversion="4">
<suite id="s1" name="Test Cases" source="E:\Python_Projects\New Repo\test_cases.robot">
<test id="s1-t1" name="TC2" line="9">
<kw name="Log To Console" library="BuiltIn">
<arg>sanity test cases</arg>
<doc>Logs the given message to the console.</doc>
<status status="PASS" starttime="20230727 14:55:42.838" endtime="20230727 14:55:42.839"/>
</kw>
<tag>Sanity</tag>
<status status="PASS" starttime="20230727 14:55:42.837" endtime="20230727 14:55:42.840"/>
</test>
<status status="PASS" starttime="20230727 14:55:42.274" endtime="20230727 14:55:42.843"/>
</suite>
<statistics>
<total>
<stat pass="1" fail="0" skip="0">All Tests</stat>
</total>
<tag>
<stat pass="1" fail="0" skip="0">Sanity</stat>
</tag>
<suite>
<stat pass="1" fail="0" skip="0" id="s1" name="Test Cases">Test Cases</stat>
</suite>
</statistics>
<errors>
</errors>
</robot>
